2025-05-28 12:16:05,864 INFO: Last1km startup [in F:\202502\github\last1km\server\app.py:61]
2025-05-28 12:16:07,302 INFO: Last1km startup [in F:\202502\github\last1km\server\app.py:61]
2025-05-28 12:17:35,774 INFO: ПЊЪМзЂВсгУЛЇ: gdd1 [in F:\202502\github\last1km\server\services\auth_service.py:13]
2025-05-28 12:17:36,067 INFO: ДДНЈгУЛЇЖдЯѓГЩЙІ: gdd1 [in F:\202502\github\last1km\server\services\auth_service.py:62]
2025-05-28 12:17:36,072 ERROR: зЂВсгУЛЇЪЇАм: (sqlite3.IntegrityError) UNIQUE constraint failed: users.email
[SQL: INSERT INTO users (username, password_hash, nickname, avatar, gender, phone, email, balance, default_pickup_address, default_delivery_address, created_at, updated_at, last_login, status) VALUES (?, ?, ?, ?, ?, ?, ?, ?, ?, ?, ?, ?, ?, ?)]
[parameters: ('gdd1', 'pbkdf2:sha256:600000$nny5PmdPk3ygfncd$b394dc7abaa79555b9b5f679328f2d551b0f1de3c244cbd62fc1fcf0b4b14537', 'yy', None, '', '', '', 0.0, '', '', '2025-05-28 04:17:36.070995', '2025-05-28 04:17:36.070995', None, 'active')]
(Background on this error at: https://sqlalche.me/e/20/gkpj) [in F:\202502\github\last1km\server\services\auth_service.py:72]
2025-05-28 12:17:58,090 INFO: ПЊЪМзЂВсгУЛЇ: gdd1 [in F:\202502\github\last1km\server\services\auth_service.py:13]
2025-05-28 12:17:58,342 INFO: ДДНЈгУЛЇЖдЯѓГЩЙІ: gdd1 [in F:\202502\github\last1km\server\services\auth_service.py:62]
2025-05-28 12:17:58,358 INFO: гУЛЇзЂВсГЩЙІ: gdd1, ID: 4 [in F:\202502\github\last1km\server\services\auth_service.py:66]
2025-05-28 12:18:05,948 INFO: ГЂЪдЕЧТМгУЛЇ: gdd1 [in F:\202502\github\last1km\server\services\auth_service.py:79]
2025-05-28 12:18:05,951 INFO: евЕНгУЛЇ: gdd1, ID: 4 [in F:\202502\github\last1km\server\services\auth_service.py:87]
2025-05-28 12:18:06,185 INFO: УмТыбщжЄГЩЙІ: gdd1 [in F:\202502\github\last1km\server\services\auth_service.py:94]
2025-05-28 12:18:06,191 INFO: TokenЩњГЩГЩЙІ for user_id: 4 [in F:\202502\github\last1km\server\services\auth_service.py:133]
2025-05-28 12:18:06,199 INFO: гУЛЇЕЧТМГЩЙІ: gdd1 [in F:\202502\github\last1km\server\services\auth_service.py:109]
2025-05-28 15:40:55,029 INFO: Last1km startup [in F:\202502\github\last1km\server\app.py:61]
2025-05-28 15:40:56,095 INFO: Last1km startup [in F:\202502\github\last1km\server\app.py:61]
2025-05-28 15:43:52,625 INFO: ПЊЪМзЂВсгУЛЇ: gdd [in F:\202502\github\last1km\server\services\auth_service.py:13]
2025-05-28 15:43:53,286 INFO: ДДНЈгУЛЇЖдЯѓГЩЙІ: gdd [in F:\202502\github\last1km\server\services\auth_service.py:62]
2025-05-28 15:43:53,312 INFO: гУЛЇзЂВсГЩЙІ: gdd, ID: 1 [in F:\202502\github\last1km\server\services\auth_service.py:66]
2025-05-28 15:44:03,460 INFO: ГЂЪдЕЧТМгУЛЇ: gdd [in F:\202502\github\last1km\server\services\auth_service.py:79]
2025-05-28 15:44:03,464 INFO: евЕНгУЛЇ: gdd, ID: 1 [in F:\202502\github\last1km\server\services\auth_service.py:87]
2025-05-28 15:44:04,271 INFO: УмТыбщжЄГЩЙІ: gdd [in F:\202502\github\last1km\server\services\auth_service.py:94]
2025-05-28 15:44:04,272 INFO: TokenЩњГЩГЩЙІ for user_id: 1 [in F:\202502\github\last1km\server\services\auth_service.py:133]
2025-05-28 15:44:04,282 INFO: гУЛЇЕЧТМГЩЙІ: gdd [in F:\202502\github\last1km\server\services\auth_service.py:109]
2025-05-28 15:51:42,273 INFO: ПЊЪМзЂВсгУЛЇ: testuser [in F:\202502\github\last1km\server\services\auth_service.py:13]
2025-05-28 15:51:42,534 INFO: ДДНЈгУЛЇЖдЯѓГЩЙІ: testuser [in F:\202502\github\last1km\server\services\auth_service.py:62]
2025-05-28 15:51:42,544 INFO: гУЛЇзЂВсГЩЙІ: testuser, ID: 2 [in F:\202502\github\last1km\server\services\auth_service.py:66]
2025-05-28 15:52:03,776 INFO: ГЂЪдЕЧТМгУЛЇ: testuser [in F:\202502\github\last1km\server\services\auth_service.py:79]
2025-05-28 15:52:03,780 INFO: евЕНгУЛЇ: testuser, ID: 2 [in F:\202502\github\last1km\server\services\auth_service.py:87]
2025-05-28 15:52:04,079 INFO: УмТыбщжЄГЩЙІ: testuser [in F:\202502\github\last1km\server\services\auth_service.py:94]
2025-05-28 15:52:04,080 INFO: TokenЩњГЩГЩЙІ for user_id: 2 [in F:\202502\github\last1km\server\services\auth_service.py:133]
2025-05-28 15:52:04,089 INFO: гУЛЇЕЧТМГЩЙІ: testuser [in F:\202502\github\last1km\server\services\auth_service.py:109]
2025-05-28 15:53:07,869 INFO: Last1km startup [in F:\202502\github\last1km\server\app.py:61]
2025-05-28 15:53:09,035 INFO: Last1km startup [in F:\202502\github\last1km\server\app.py:61]
2025-05-28 15:53:36,292 INFO: ГЂЪдЕЧТМгУЛЇ: gdd [in F:\202502\github\last1km\server\services\auth_service.py:79]
2025-05-28 15:53:36,316 INFO: евЕНгУЛЇ: gdd, ID: 1 [in F:\202502\github\last1km\server\services\auth_service.py:87]
2025-05-28 15:53:37,030 WARNING: УмТыДэЮѓ: gdd [in F:\202502\github\last1km\server\services\auth_service.py:91]
2025-05-28 15:53:44,567 INFO: ГЂЪдЕЧТМгУЛЇ: gdd [in F:\202502\github\last1km\server\services\auth_service.py:79]
2025-05-28 15:53:44,573 INFO: евЕНгУЛЇ: gdd, ID: 1 [in F:\202502\github\last1km\server\services\auth_service.py:87]
2025-05-28 15:53:45,270 INFO: УмТыбщжЄГЩЙІ: gdd [in F:\202502\github\last1km\server\services\auth_service.py:94]
2025-05-28 15:53:45,271 INFO: TokenЩњГЩГЩЙІ for user_id: 1 [in F:\202502\github\last1km\server\services\auth_service.py:133]
2025-05-28 15:53:45,287 INFO: гУЛЇЕЧТМГЩЙІ: gdd [in F:\202502\github\last1km\server\services\auth_service.py:109]
